# JRE version: Java(TM) SE Runtime Environment (8.0_92-b14) (build 1.8.0_92-b14)
# Java VM: Java HotSpot(TM) 64-Bit Server VM (25.92-b14 mixed mode bsd-amd64 compressed oops)
Heap:
 PSYoungGen      total 658944K, used 450162K [0x0000000795580000, 0x00000007c0000000, 0x00000007c0000000)
  eden space 622080K, 72% used [0x0000000795580000,0x00000007b0d1cab0,0x00000007bb500000)
  from space 36864K, 0% used [0x00000007bb500000,0x00000007bb500000,0x00000007bd900000)
  to   space 39936K, 0% used [0x00000007bd900000,0x00000007bd900000,0x00000007c0000000)
 ParOldGen       total 187392K, used 64822K [0x0000000740000000, 0x000000074b700000, 0x0000000795580000)
  object space 187392K, 34% used [0x0000000740000000,0x0000000743f4db78,0x000000074b700000)
 Metaspace       used 101702K, capacity 106724K, committed 106880K, reserved 1142784K
  class space    used 12970K, capacity 14128K, committed 14208K, reserved 1048576K
GC Heap History (10 events):
Event: 82.466 GC heap before
{Heap before GC invocations=55 (full 2):
 PSYoungGen      total 669184K, used 179270K [0x0000000795580000, 0x00000007c0000000, 0x00000007c0000000)
  eden space 650752K, 24% used [0x0000000795580000,0x000000079f294a68,0x00000007bd100000)
  from space 18432K, 99% used [0x00000007bee00000,0x00000007bfffcfa0,0x00000007c0000000)
  to   space 24064K, 0% used [0x00000007bd100000,0x00000007bd100000,0x00000007be880000)
 ParOldGen       total 83968K, used 32075K [0x0000000740000000, 0x0000000745200000, 0x0000000795580000)
  object space 83968K, 38% used [0x0000000740000000,0x0000000741f52f40,0x0000000745200000)
 Metaspace       used 56118K, capacity 58934K, committed 59028K, reserved 1099776K
  class space    used 7241K, capacity 7985K, committed 8064K, reserved 1048576K
Event: 82.501 GC heap after
Heap after GC invocations=55 (full 2):
 PSYoungGen      total 672256K, used 21221K [0x0000000795580000, 0x00000007c0000000, 0x00000007c0000000)
  eden space 650752K, 0% used [0x0000000795580000,0x0000000795580000,0x00000007bd100000)
  from space 21504K, 98% used [0x00000007bd100000,0x00000007be5b9620,0x00000007be600000)
  to   space 26624K, 0% used [0x00000007be600000,0x00000007be600000,0x00000007c0000000)
 ParOldGen       total 83968K, used 32083K [0x0000000740000000, 0x0000000745200000, 0x0000000795580000)
  object space 83968K, 38% used [0x0000000740000000,0x0000000741f54f40,0x0000000745200000)
 Metaspace       used 56118K, capacity 58934K, committed 59028K, reserved 1099776K
  class space    used 7241K, capacity 7985K, committed 8064K, reserved 1048576K
}
Event: 82.501 GC heap before
{Heap before GC invocations=56 (full 3):
 PSYoungGen      total 672256K, used 21221K [0x0000000795580000, 0x00000007c0000000, 0x00000007c0000000)
  eden space 650752K, 0% used [0x0000000795580000,0x0000000795580000,0x00000007bd100000)
  from space 21504K, 98% used [0x00000007bd100000,0x00000007be5b9620,0x00000007be600000)
  to   space 26624K, 0% used [0x00000007be600000,0x00000007be600000,0x00000007c0000000)
 ParOldGen       total 83968K, used 32083K [0x0000000740000000, 0x0000000745200000, 0x0000000795580000)
  object space 83968K, 38% used [0x0000000740000000,0x0000000741f54f40,0x0000000745200000)
 Metaspace       used 56118K, capacity 58934K, committed 59028K, reserved 1099776K
  class space    used 7241K, capacity 7985K, committed 8064K, reserved 1048576K
Event: 82.976 GC heap after
Heap after GC invocations=56 (full 3):
 PSYoungGen      total 672256K, used 0K [0x0000000795580000, 0x00000007c0000000, 0x00000007c0000000)
  eden space 650752K, 0% used [0x0000000795580000,0x0000000795580000,0x00000007bd100000)
  from space 21504K, 0% used [0x00000007bd100000,0x00000007bd100000,0x00000007be600000)
  to   space 26624K, 0% used [0x00000007be600000,0x00000007be600000,0x00000007c0000000)
 ParOldGen       total 125952K, used 33924K [0x0000000740000000, 0x0000000747b00000, 0x0000000795580000)
  object space 125952K, 26% used [0x0000000740000000,0x00000007421211d8,0x0000000747b00000)
 Metaspace       used 56094K, capacity 58892K, committed 59028K, reserved 1099776K
  class space    used 7237K, capacity 7978K, committed 8064K, reserved 1048576K
}
Event: 188.862 GC heap before
{Heap before GC invocations=57 (full 3):
 PSYoungGen      total 672256K, used 650752K [0x0000000795580000, 0x00000007c0000000, 0x00000007c0000000)
  eden space 650752K, 100% used [0x0000000795580000,0x00000007bd100000,0x00000007bd100000)
  from space 21504K, 0% used [0x00000007bd100000,0x00000007bd100000,0x00000007be600000)
  to   space 26624K, 0% used [0x00000007be600000,0x00000007be600000,0x00000007c0000000)
 ParOldGen       total 125952K, used 33924K [0x0000000740000000, 0x0000000747b00000, 0x0000000795580000)
  object space 125952K, 26% used [0x0000000740000000,0x00000007421211d8,0x0000000747b00000)
 Metaspace       used 83652K, capacity 87594K, committed 87808K, reserved 1126400K
  class space    used 10760K, capacity 11769K, committed 11776K, reserved 1048576K
Event: 189.123 GC heap after
Heap after GC invocations=57 (full 3):
 PSYoungGen      total 648704K, used 26617K [0x0000000795580000, 0x00000007c0000000, 0x00000007c0000000)
  eden space 622080K, 0% used [0x0000000795580000,0x0000000795580000,0x00000007bb500000)
  from space 26624K, 99% used [0x00000007be600000,0x00000007bfffe6f0,0x00000007c0000000)
  to   space 38400K, 0% used [0x00000007bb500000,0x00000007bb500000,0x00000007bda80000)
 ParOldGen       total 125952K, used 53241K [0x0000000740000000, 0x0000000747b00000, 0x0000000795580000)
  object space 125952K, 42% used [0x0000000740000000,0x00000007433fe548,0x0000000747b00000)
 Metaspace       used 83652K, capacity 87594K, committed 87808K, reserved 1126400K
  class space    used 10760K, capacity 11769K, committed 11776K, reserved 1048576K
}
Event: 221.578 GC heap before
{Heap before GC invocations=58 (full 3):
 PSYoungGen      total 648704K, used 370950K [0x0000000795580000, 0x00000007c0000000, 0x00000007c0000000)
  eden space 622080K, 55% used [0x0000000795580000,0x00000007aa5c3500,0x00000007bb500000)
  from space 26624K, 99% used [0x00000007be600000,0x00000007bfffe6f0,0x00000007c0000000)
  to   space 38400K, 0% used [0x00000007bb500000,0x00000007bb500000,0x00000007bda80000)
 ParOldGen       total 125952K, used 53241K [0x0000000740000000, 0x0000000747b00000, 0x0000000795580000)
  object space 125952K, 42% used [0x0000000740000000,0x00000007433fe548,0x0000000747b00000)
 Metaspace       used 93875K, capacity 98284K, committed 98380K, reserved 1134592K
  class space    used 11976K, capacity 13041K, committed 13056K, reserved 1048576K
Event: 221.619 GC heap after
Heap after GC invocations=58 (full 3):
 PSYoungGen      total 658944K, used 36809K [0x0000000795580000, 0x00000007c0000000, 0x00000007c0000000)
  eden space 622080K, 0% used [0x0000000795580000,0x0000000795580000,0x00000007bb500000)
  from space 36864K, 99% used [0x00000007bb500000,0x00000007bd8f24a8,0x00000007bd900000)
  to   space 39936K, 0% used [0x00000007bd900000,0x00000007bd900000,0x00000007c0000000)
 ParOldGen       total 125952K, used 53249K [0x0000000740000000, 0x0000000747b00000, 0x0000000795580000)
  object space 125952K, 42% used [0x0000000740000000,0x0000000743400548,0x0000000747b00000)
 Metaspace       used 93875K, capacity 98284K, committed 98380K, reserved 1134592K
  class space    used 11976K, capacity 13041K, committed 13056K, reserved 1048576K
}
Event: 221.619 GC heap before
{Heap before GC invocations=59 (full 4):
 PSYoungGen      total 658944K, used 36809K [0x0000000795580000, 0x00000007c0000000, 0x00000007c0000000)
  eden space 622080K, 0% used [0x0000000795580000,0x0000000795580000,0x00000007bb500000)
  from space 36864K, 99% used [0x00000007bb500000,0x00000007bd8f24a8,0x00000007bd900000)
  to   space 39936K, 0% used [0x00000007bd900000,0x00000007bd900000,0x00000007c0000000)
 ParOldGen       total 125952K, used 53249K [0x0000000740000000, 0x0000000747b00000, 0x0000000795580000)
  object space 125952K, 42% used [0x0000000740000000,0x0000000743400548,0x0000000747b00000)
 Metaspace       used 93875K, capacity 98284K, committed 98380K, reserved 1134592K
  class space    used 11976K, capacity 13041K, committed 13056K, reserved 1048576K
Event: 221.913 GC heap after
Heap after GC invocations=59 (full 4):
 PSYoungGen      total 658944K, used 0K [0x0000000795580000, 0x00000007c0000000, 0x00000007c0000000)
  eden space 622080K, 0% used [0x0000000795580000,0x0000000795580000,0x00000007bb500000)
  from space 36864K, 0% used [0x00000007bb500000,0x00000007bb500000,0x00000007bd900000)
  to   space 39936K, 0% used [0x00000007bd900000,0x00000007bd900000,0x00000007c0000000)
 ParOldGen       total 187392K, used 64822K [0x0000000740000000, 0x000000074b700000, 0x0000000795580000)
  object space 187392K, 34% used [0x0000000740000000,0x0000000743f4db78,0x000000074b700000)
 Metaspace       used 93849K, capacity 98198K, committed 98380K, reserved 1134592K
  class space    used 11971K, capacity 13035K, committed 13056K, reserved 1048576K
}

