# JRE version: Java(TM) SE Runtime Environment (8.0_92-b14) (build 1.8.0_92-b14)
# Java VM: Java HotSpot(TM) 64-Bit Server VM (25.92-b14 mixed mode bsd-amd64 compressed oops)
Heap:
 PSYoungGen      total 638976K, used 176930K [0x0000000795580000, 0x00000007c0000000, 0x00000007c0000000)
  eden space 608768K, 29% used [0x0000000795580000,0x00000007a0248a48,0x00000007ba800000)
  from space 30208K, 0% used [0x00000007be280000,0x00000007be280000,0x00000007c0000000)
  to   space 45056K, 0% used [0x00000007ba800000,0x00000007ba800000,0x00000007bd400000)
 ParOldGen       total 195072K, used 62282K [0x0000000740000000, 0x000000074be80000, 0x0000000795580000)
  object space 195072K, 31% used [0x0000000740000000,0x0000000743cd2858,0x000000074be80000)
 Metaspace       used 102613K, capacity 107476K, committed 107776K, reserved 1142784K
  class space    used 12858K, capacity 13962K, committed 14080K, reserved 1048576K
GC Heap History (10 events):
Event: 93.267 GC heap before
{Heap before GC invocations=52 (full 2):
 PSYoungGen      total 667136K, used 128088K [0x0000000795580000, 0x00000007c0000000, 0x00000007c0000000)
  eden space 647680K, 16% used [0x0000000795580000,0x000000079bfad2e8,0x00000007bce00000)
  from space 19456K, 99% used [0x00000007bce00000,0x00000007be0e8f90,0x00000007be100000)
  to   space 27648K, 0% used [0x00000007be500000,0x00000007be500000,0x00000007c0000000)
 ParOldGen       total 105472K, used 50649K [0x0000000740000000, 0x0000000746700000, 0x0000000795580000)
  object space 105472K, 48% used [0x0000000740000000,0x0000000743176560,0x0000000746700000)
 Metaspace       used 56064K, capacity 58868K, committed 59008K, reserved 1099776K
  class space    used 7248K, capacity 7984K, committed 8064K, reserved 1048576K
Event: 93.293 GC heap after
Heap after GC invocations=52 (full 2):
 PSYoungGen      total 666112K, used 21204K [0x0000000795580000, 0x00000007c0000000, 0x00000007c0000000)
  eden space 638464K, 0% used [0x0000000795580000,0x0000000795580000,0x00000007bc500000)
  from space 27648K, 76% used [0x00000007be500000,0x00000007bf9b50a0,0x00000007c0000000)
  to   space 30208K, 0% used [0x00000007bc500000,0x00000007bc500000,0x00000007be280000)
 ParOldGen       total 105472K, used 50657K [0x0000000740000000, 0x0000000746700000, 0x0000000795580000)
  object space 105472K, 48% used [0x0000000740000000,0x0000000743178560,0x0000000746700000)
 Metaspace       used 56064K, capacity 58868K, committed 59008K, reserved 1099776K
  class space    used 7248K, capacity 7984K, committed 8064K, reserved 1048576K
}
Event: 93.293 GC heap before
{Heap before GC invocations=53 (full 3):
 PSYoungGen      total 666112K, used 21204K [0x0000000795580000, 0x00000007c0000000, 0x00000007c0000000)
  eden space 638464K, 0% used [0x0000000795580000,0x0000000795580000,0x00000007bc500000)
  from space 27648K, 76% used [0x00000007be500000,0x00000007bf9b50a0,0x00000007c0000000)
  to   space 30208K, 0% used [0x00000007bc500000,0x00000007bc500000,0x00000007be280000)
 ParOldGen       total 105472K, used 50657K [0x0000000740000000, 0x0000000746700000, 0x0000000795580000)
  object space 105472K, 48% used [0x0000000740000000,0x0000000743178560,0x0000000746700000)
 Metaspace       used 56064K, capacity 58868K, committed 59008K, reserved 1099776K
  class space    used 7248K, capacity 7984K, committed 8064K, reserved 1048576K
Event: 93.515 GC heap after
Heap after GC invocations=53 (full 3):
 PSYoungGen      total 666112K, used 0K [0x0000000795580000, 0x00000007c0000000, 0x00000007c0000000)
  eden space 638464K, 0% used [0x0000000795580000,0x0000000795580000,0x00000007bc500000)
  from space 27648K, 0% used [0x00000007be500000,0x00000007be500000,0x00000007c0000000)
  to   space 30208K, 0% used [0x00000007bc500000,0x00000007bc500000,0x00000007be280000)
 ParOldGen       total 150016K, used 44872K [0x0000000740000000, 0x0000000749280000, 0x0000000795580000)
  object space 150016K, 29% used [0x0000000740000000,0x0000000742bd2110,0x0000000749280000)
 Metaspace       used 56061K, capacity 58856K, committed 59008K, reserved 1099776K
  class space    used 7247K, capacity 7982K, committed 8064K, reserved 1048576K
}
Event: 101.417 GC heap before
{Heap before GC invocations=54 (full 3):
 PSYoungGen      total 666112K, used 638464K [0x0000000795580000, 0x00000007c0000000, 0x00000007c0000000)
  eden space 638464K, 100% used [0x0000000795580000,0x00000007bc500000,0x00000007bc500000)
  from space 27648K, 0% used [0x00000007be500000,0x00000007be500000,0x00000007c0000000)
  to   space 30208K, 0% used [0x00000007bc500000,0x00000007bc500000,0x00000007be280000)
 ParOldGen       total 150016K, used 44872K [0x0000000740000000, 0x0000000749280000, 0x0000000795580000)
  object space 150016K, 29% used [0x0000000740000000,0x0000000742bd2110,0x0000000749280000)
 Metaspace       used 84289K, capacity 88246K, committed 88576K, reserved 1126400K
  class space    used 10706K, capacity 11691K, committed 11776K, reserved 1048576K
Event: 101.462 GC heap after
Heap after GC invocations=54 (full 3):
 PSYoungGen      total 668672K, used 30178K [0x0000000795580000, 0x00000007c0000000, 0x00000007c0000000)
  eden space 638464K, 0% used [0x0000000795580000,0x0000000795580000,0x00000007bc500000)
  from space 30208K, 99% used [0x00000007bc500000,0x00000007be2789e0,0x00000007be280000)
  to   space 30208K, 0% used [0x00000007be280000,0x00000007be280000,0x00000007c0000000)
 ParOldGen       total 150016K, used 60130K [0x0000000740000000, 0x0000000749280000, 0x0000000795580000)
  object space 150016K, 40% used [0x0000000740000000,0x0000000743ab8848,0x0000000749280000)
 Metaspace       used 84289K, capacity 88246K, committed 88576K, reserved 1126400K
  class space    used 10706K, capacity 11691K, committed 11776K, reserved 1048576K
}
Event: 110.221 GC heap before
{Heap before GC invocations=55 (full 3):
 PSYoungGen      total 668672K, used 310328K [0x0000000795580000, 0x00000007c0000000, 0x00000007c0000000)
  eden space 638464K, 43% used [0x0000000795580000,0x00000007a6715968,0x00000007bc500000)
  from space 30208K, 99% used [0x00000007bc500000,0x00000007be2789e0,0x00000007be280000)
  to   space 30208K, 0% used [0x00000007be280000,0x00000007be280000,0x00000007c0000000)
 ParOldGen       total 150016K, used 60130K [0x0000000740000000, 0x0000000749280000, 0x0000000795580000)
  object space 150016K, 40% used [0x0000000740000000,0x0000000743ab8848,0x0000000749280000)
 Metaspace       used 93882K, capacity 98166K, committed 98348K, reserved 1134592K
  class space    used 11785K, capacity 12804K, committed 12928K, reserved 1048576K
Event: 110.251 GC heap after
Heap after GC invocations=55 (full 3):
 PSYoungGen      total 638976K, used 30182K [0x0000000795580000, 0x00000007c0000000, 0x00000007c0000000)
  eden space 608768K, 0% used [0x0000000795580000,0x0000000795580000,0x00000007ba800000)
  from space 30208K, 99% used [0x00000007be280000,0x00000007bfff9908,0x00000007c0000000)
  to   space 45056K, 0% used [0x00000007ba800000,0x00000007ba800000,0x00000007bd400000)
 ParOldGen       total 150016K, used 63685K [0x0000000740000000, 0x0000000749280000, 0x0000000795580000)
  object space 150016K, 42% used [0x0000000740000000,0x0000000743e314b8,0x0000000749280000)
 Metaspace       used 93882K, capacity 98166K, committed 98348K, reserved 1134592K
  class space    used 11785K, capacity 12804K, committed 12928K, reserved 1048576K
}
Event: 110.251 GC heap before
{Heap before GC invocations=56 (full 4):
 PSYoungGen      total 638976K, used 30182K [0x0000000795580000, 0x00000007c0000000, 0x00000007c0000000)
  eden space 608768K, 0% used [0x0000000795580000,0x0000000795580000,0x00000007ba800000)
  from space 30208K, 99% used [0x00000007be280000,0x00000007bfff9908,0x00000007c0000000)
  to   space 45056K, 0% used [0x00000007ba800000,0x00000007ba800000,0x00000007bd400000)
 ParOldGen       total 150016K, used 63685K [0x0000000740000000, 0x0000000749280000, 0x0000000795580000)
  object space 150016K, 42% used [0x0000000740000000,0x0000000743e314b8,0x0000000749280000)
 Metaspace       used 93882K, capacity 98166K, committed 98348K, reserved 1134592K
  class space    used 11785K, capacity 12804K, committed 12928K, reserved 1048576K
Event: 110.519 GC heap after
Heap after GC invocations=56 (full 4):
 PSYoungGen      total 638976K, used 0K [0x0000000795580000, 0x00000007c0000000, 0x00000007c0000000)
  eden space 608768K, 0% used [0x0000000795580000,0x0000000795580000,0x00000007ba800000)
  from space 30208K, 0% used [0x00000007be280000,0x00000007be280000,0x00000007c0000000)
  to   space 45056K, 0% used [0x00000007ba800000,0x00000007ba800000,0x00000007bd400000)
 ParOldGen       total 195072K, used 62282K [0x0000000740000000, 0x000000074be80000, 0x0000000795580000)
  object space 195072K, 31% used [0x0000000740000000,0x0000000743cd2858,0x000000074be80000)
 Metaspace       used 93855K, capacity 98080K, committed 98348K, reserved 1134592K
  class space    used 11780K, capacity 12798K, committed 12928K, reserved 1048576K
}

